2018-07-04 17:59:06 - INFO - Begin the convertion
2018-07-04 17:59:06 - INFO - pdf file 180523IDEPITCH70MERGED.pdf are copied to pdf/180523IDEPITCH70MERGED/.
2018-07-04 17:59:06 - INFO - Converting each pdf page of /Users/my/Desktop/MasterThesis/source/pdf/180523IDEPITCH70MERGED to svg
2018-07-04 17:59:07 - INFO - Partitioning each svg page of /Users/my/Desktop/MasterThesis/source/svg/180523IDEPITCH70MERGED
2018-07-04 17:59:13 - INFO - svg file 180523IDEPITCH70MERGED_01.svg finished partition.
2018-07-04 17:59:13 - INFO - merging threshold = 0.036, it False equals to small_factor
2018-07-04 17:59:13 - INFO - absorption threshold = 0.2
2018-07-04 17:59:13 - INFO - Extracting objects from svg /Users/my/Desktop/MasterThesis/source/svg/.DS_Store
2018-07-04 17:59:13 - INFO - Extracting objects from svg /Users/my/Desktop/MasterThesis/source/svg/180523IDEPITCH70MERGED
2018-07-04 17:59:13 - INFO - svg file 180523IDEPITCH70MERGED_01.svg finished conversion.
2018-07-04 17:59:13 - INFO - Output is saved in folder /Users/my/Desktop/MasterThesis/source/output/201807041759
2018-07-04 18:33:17 - INFO - Begin the convertion
2018-07-04 18:33:17 - INFO - pdf file 180523IDEPITCH70MERGED.pdf are copied to pdf/180523IDEPITCH70MERGED/.
2018-07-04 18:33:17 - INFO - Converting each pdf page of /Users/my/Desktop/MasterThesis/source/pdf/180523IDEPITCH70MERGED to svg
2018-07-04 18:33:19 - INFO - Partitioning each svg page of /Users/my/Desktop/MasterThesis/source/svg/180523IDEPITCH70MERGED
2018-07-04 18:33:47 - INFO - Begin the convertion
2018-07-04 18:33:47 - INFO - pdf file 180523IDEPITCH70MERGED.pdf are copied to pdf/180523IDEPITCH70MERGED/.
2018-07-04 18:33:47 - INFO - Converting each pdf page of /Users/my/Desktop/MasterThesis/source/pdf/180523IDEPITCH70MERGED to svg
2018-07-04 18:33:48 - INFO - Partitioning each svg page of /Users/my/Desktop/MasterThesis/source/svg/180523IDEPITCH70MERGED
2018-07-04 18:33:48 - INFO - Extracting objects from svg /Users/my/Desktop/MasterThesis/source/svg/.DS_Store
2018-07-04 18:33:48 - INFO - Extracting objects from svg /Users/my/Desktop/MasterThesis/source/svg/180523IDEPITCH70MERGED
2018-07-04 18:33:48 - INFO - Output is saved in folder /Users/my/Desktop/MasterThesis/source/output/201807041833
2018-07-04 18:34:34 - INFO - Begin the convertion
2018-07-04 18:34:34 - INFO - pdf file 180523IDEPITCH70MERGED.pdf are copied to pdf/180523IDEPITCH70MERGED/.
2018-07-04 18:34:34 - INFO - Converting each pdf page of /Users/my/Desktop/MasterThesis/source/pdf/180523IDEPITCH70MERGED to svg
2018-07-04 18:34:35 - INFO - Partitioning each svg page of /Users/my/Desktop/MasterThesis/source/svg/180523IDEPITCH70MERGED
2018-07-05 14:14:13 - INFO - Begin the convertion
2018-07-05 14:14:13 - INFO - pdf file 180523IDEPITCH70MERGED.pdf are copied to pdf/180523IDEPITCH70MERGED/.
2018-07-05 14:14:14 - INFO - Converting each pdf page of /Users/my/Desktop/MasterThesis/source/pdf/180523IDEPITCH70MERGED to svg
2018-07-05 14:14:21 - INFO - Partitioning each svg page of /Users/my/Desktop/MasterThesis/source/svg/180523IDEPITCH70MERGED
2018-07-05 14:14:28 - INFO - svg file 180523IDEPITCH70MERGED_01.svg finished partition.
2018-07-05 14:14:28 - INFO - merging threshold = 0.036, it False equals to small_factor
2018-07-05 14:14:28 - INFO - absorption threshold = 0.2
2018-07-05 14:14:28 - INFO - Extracting objects from svg /Users/my/Desktop/MasterThesis/source/svg/.DS_Store
2018-07-05 14:14:28 - INFO - Extracting objects from svg /Users/my/Desktop/MasterThesis/source/svg/180523IDEPITCH70MERGED
2018-07-05 14:14:28 - INFO - svg file 180523IDEPITCH70MERGED_01.svg finished conversion.
2018-07-05 14:14:28 - INFO - Output is saved in folder /Users/my/Desktop/MasterThesis/source/output/201807051414
